NServer_GetMessage() returned: *** SYSTEM INFORMATION MESSAGE 6498 (EXTERNAL Evaluator, Set Group Attributes)      API MESSAGE FOLLOWS.                                                            USER INFORMATION: Connect to External Evaluator.                                                  Group: GINOSRV, Database:  mode=i4                                              jid="C:\Users\Czarified\Desktop\OpenVSP-3.17.1-win32\Ca                         nards_Struct0_NASTRAN_223014104.bdf" scratch=no                                 sys(444)=6  memory=370MB                                                        symbol=VENDBLASLIB='MSCblas.dll'.                                                                                                                                                                                                                                                                                                                                                                                                 `àý
NServer_GetMessage() returned the following MSC.Nastran messages
*** SYSTEM INFORMATION MESSAGE 6498 (EXTERNAL Evaluator, Set Group Attributes)  
    API MESSAGE FOLLOWS.                                                        
    USER INFORMATION: Connect to External Evaluator.                            
                      Group: GINOSRV, Database:  mode=i4                        
                      jid="C:\Users\Czarified\Desktop\OpenVSP-3.17.1-win32\Ca   
                      nards_Struct0_NASTRAN_223014104.bdf" scratch=no           
                      sys(444)=6  memory=370MB                                  
                      symbol=VENDBLASLIB='MSCblas.dll'.                         
                                                                                
                                                                                
NServer_GetMessage() returned: *** SYSTEM INFORMATION MESSAGE 6498 (extclnt, extcmdstart)                          API MESSAGE FOLLOWS.                                                            USER INFORMATION: MSC.Nastran Startup Message.                                                    MSC Nastran beginning server job                                                canards_struct0_nastran_223014104.                                                                                                                                                                                                                                                                                                                                                                                                                                                                                                                                                                                                                                                `àý
NServer_GetMessage() returned the following MSC.Nastran messages
*** SYSTEM INFORMATION MESSAGE 6498 (extclnt, extcmdstart)                      
    API MESSAGE FOLLOWS.                                                        
    USER INFORMATION: MSC.Nastran Startup Message.                              
                      MSC Nastran beginning server job                          
                      canards_struct0_nastran_223014104.                        
                                                                                
                                                                                
                                                                                
                                                                                
                                                                                
NServer_GetMessage() returned: *** SYSTEM INFORMATION MESSAGE 6498 (extclnt, extcmdstart)                          API MESSAGE FOLLOWS.                                                            USER INFORMATION: MSC.Nastran Startup Message.                                                    *** SYSTEM INFORMATION MESSAGE (pgm: nastran, fn:                               validate_authorize)                                                             Switching to Student Edition. Not for commercial use.                                                                                                                                                                                                                                                                                                                                                                                                                                                                                                                                             `àý
NServer_GetMessage() returned the following MSC.Nastran messages
*** SYSTEM INFORMATION MESSAGE 6498 (extclnt, extcmdstart)                      
    API MESSAGE FOLLOWS.                                                        
    USER INFORMATION: MSC.Nastran Startup Message.                              
                      *** SYSTEM INFORMATION MESSAGE (pgm: nastran, fn:         
                      validate_authorize)                                       
                      Switching to Student Edition. Not for commercial use.     
                                                                                
                                                                                
                                                                                
                                                                                
NServer_GetMessage() returned: *** SYSTEM INFORMATION MESSAGE 6498 (extclnt, extcmdstart)                          API MESSAGE FOLLOWS.                                                            USER INFORMATION: MSC.Nastran Startup Message.                                                    MSC Nastran V2018.1 (Intel Windows 10 Home 6.2 9200)                            Fri Jul 26 23:58:02 2019                                                                                                                                                                                                                                                                                                                                                                                                                                                                                                                                                                                                                                                          `àý
NServer_GetMessage() returned the following MSC.Nastran messages
*** SYSTEM INFORMATION MESSAGE 6498 (extclnt, extcmdstart)                      
    API MESSAGE FOLLOWS.                                                        
    USER INFORMATION: MSC.Nastran Startup Message.                              
                      MSC Nastran V2018.1 (Intel Windows 10 Home 6.2 9200)      
                      Fri Jul 26 23:58:02 2019                                  
                                                                                
                                                                                
                                                                                
                                                                                
                                                                                
