Beginning Analysis

 *** START OF CONTROL FILE ECHO ***
 $ sysfield=SCR*(RAW=YES,BUFFIO=YES,wnum=16,wsize=16mb) $(d:/msc.software/msc_nastran_and_patran_student_editions/20181/patran/mscnastran_files/20181/servermode/conf/nast20181.rcf[2])
 $ sysfield=DBALL(RAW=YES,BUFFIO=YES,wnum=16,wsize=16mb) $(d:/msc.software/msc_nastran_and_patran_student_editions/20181/patran/mscnastran_files/20181/servermode/conf/nast20181.rcf[3])
 $sdir=C:\SCRATCH $(d:/msc.software/msc_nastran_and_patran_student_editions/20181/patran/mscnastran_files/20181/servermode/conf/nast20181.rcf[8])
 Nastran SYSTEM(444)=6 $([5])
 JID='c:/users/czarified/desktop/openvsp-3.17.1-win32/canards_struct0_nastran_223014104.bdf'
 OUT='./canards_struct0_nastran_223014104'
 MEM=740MB      $
 MACH='Intel'
 OPER='Windows 10 Home'
 OSV='6.2 9200'
 MODEL='Xeon/3533 (Jarvis)'
 CONFIG=6
 NPROC=4
 symbol=DELDIR='d:/msc.software/msc_nastran_and_patran_student_editions/20181/patran/mscnastran_files/20181/servermode/msc20181/nast/del' $(program default)
 symbol=DEMODIR='d:/msc.software/msc_nastran_and_patran_student_editions/20181/patran/mscnastran_files/20181/servermode/msc20181/nast/demo' $(program default)
 symbol=MKL_INTERFACE_LAYER=ILP64 $(d:/msc.software/msc_nastran_and_patran_student_editions/20181/patran/mscnastran_files/20181/servermode/conf/nast20181.rcf[1])
 symbol=SSSALTERDIR='d:/msc.software/msc_nastran_and_patran_student_editions/20181/patran/mscnastran_files/20181/servermode/msc20181/nast/sssalter' $(program default)
 symbol=TPLDIR='d:/msc.software/msc_nastran_and_patran_student_editions/20181/patran/mscnastran_files/20181/servermode/msc20181/nast/tpl' $(program default)
 symbol=VENDBLASLIB=MSCblas.dll $(command line[7])
 SDIR='c:/users/czarif~1/appdata/local/temp/canards_struct0_nastran_223014104.T17356_2'
 DBS='./canards_struct0_nastran_223014104'
 SCR='no'
 SMEM=100
 BPOOL=150
 NEWDEL='d:/msc.software/msc_nastran_and_patran_student_editions/20181/patran/mscnastran_files/20181/servermode/msc20181/win64i4/SSS'
 DEL='MSCDEF'
 AUTH='EDU'
 AUTHQUE=20
 MSGCAT='d:/msc.software/msc_nastran_and_patran_student_editions/20181/patran/mscnastran_files/20181/servermode/msc20181/win64i4/analysis.msg'
 MSGDEST='f06'
 *** END OF CONTROL FILE ECHO ***

1
 
 
 
 
                      Warning: This computer program is protected by copyright law and international treaties.       
                  Unauthorized use, reproduction or distribution of this computer program, or any portion of it, may 
                                          result in severe civil and criminal penalties.                             
                         Copyright (C) 2017 MSC Software Corporation and its licensors. All rights reserved.         
 
 
                                              * * * * * * * * * * * * * * * * * * * *
                                              * * * * * * * * * * * * * * * * * * * *
                                              * *                                 * *
                                              * *           MSC Software          * *
                                              * *               CORP              * *
                                              * *                                 * *
                                              * *      M S C   N a s t r a n      * *
                                              * *                                 * *
                                              * *                                 * *
                                              * *                                 * *
                                              * *     Version 2018.1.0-CL553137   * *
                                              * *                                 * *
                                              * *                                 * *
                                              * *                                 * *
                                              * *          MAR 12, 2018           * *
                                              * *                                 * *
                                              * *              Intel              * *
                                              * *    MODEL Xeon/3533 (Jarvis)     * *
                                              * *    Windows 10 Home 6.2 9200     * *
                                              * *        Compiled for 8664        * *
                                              * *                                 * *
                                              * * * * * * * * * * * * * * * * * * * *
                                              * * * * * * * * * * * * * * * * * * * *
1                                                                              JULY  26, 2019  MSC Nastran  3/12/18   PAGE     1
                                                                                                                                    
0        N A S T R A N    F I L E    A N D    S Y S T E M    P A R A M E T E R    E C H O                                           
0                                                                                                                                   
                                                                                                                                    
                                                                                                                                    
     $ SYSFIELD=SCR*(RAW=YES,BUFFIO=YES,WNUM=16,WSIZE=16MB) $(D:/MSC.SOFTWARE/MSC_NAS
     $ SYSFIELD=DBALL(RAW=YES,BUFFIO=YES,WNUM=16,WSIZE=16MB) $(D:/MSC.SOFTWARE/MSC_NA
     $SDIR=C:\SCRATCH $(D:/MSC.SOFTWARE/MSC_NASTRAN_AND_PATRAN_STUDENT_EDITIONS/20181
     NASTRAN SYSTEM(444)=6 $([5])                                                    
     $                                                                               
     $ ORIGINAL INPUT FILE: C:\USERS\CZARIFIED\DESKTOP\OPENVSP-3.17.1-WIN32\CANARDS_S
     $                                                                               
     NASTRAN  SYSTEM(316)=5 SYSTEM(357)=0 SYSTEM(732)=1                              
     INIT MASTER, LOGICAL=(MASTER(300000))                                           
1                                                                              JULY  26, 2019  MSC Nastran  3/12/18   PAGE     2
                                                                                                                                    
0        N A S T R A N    E X E C U T I V E    C O N T R O L    E C H O                                                             
0                                                                                                                                   
                                                                                                                                    
                                                                                                                                    
     SOL NIFIMP3                                                                             
     COMPILE NIFIMP3 NOLIST                                                                  
     (SEE NASTRAN SOURCE PROGRAM COMPILATION FOR LISTING OF DMAP SEQUENCE)
     END $ NIFIMP                                                                            
     ALTER 'IFP1 .*/ICASECC.*' (1), 'IFP1 .*/ICASECC.*' (1) $                                
     IFP1     /ICASECC,IPCDB,IXYCDB,IPOSTCDB,IFORCE,,,                                       
              /S,N,NOGOIFP1/// $                                                             
     CEND                                                                                    
1   PATRAN NIFIMP BDF READER - TITLE                                           JULY  26, 2019  MSC Nastran  3/12/18   PAGE     3
                                                                                                                                    
0                                                                                                                                   
0                                        C A S E    C O N T R O L    E C H O                                                        
                 COMMAND                                                                                                            
                 COUNT                                                                                                              
                  1      TITLE=PATRAN NIFIMP BDF READER - TITLE                                                  
                  2      ECHO = NONE                                                                             
                  3      $NASTRAN DATA FILE GENERATED FROM OPENVSP 3.17.1                                        
                  4      $NUM_TRIS: 199                                                                          
                  5      $NUM_BEAMS 0                                                                            
                  6                                                                                              
                  7      $ SET 1 = 1,3,4,5,6,8,10,11,12,                                                         
                  8      $ 13,14,15,18,21,22,23,24,26,                                                           
                  9      $ 27,29,30,31,37,38,39,40,41,                                                           
                 10      $ 42,45,46,49,51,52,54,55,56,                                                           
                 11      $ 57,58,59,60,61,62,63,64,65,                                                           
                 12      $ 67,68,69,70,71,72,73,74,75,                                                           
                 13      $ 76,78,80,81,82,83,84,85,87,                                                           
                 14      $ 88,89,90,92,94,96,97,98,102,                                                          
                 15      $ 107,109,111,112,113,114,115,117,119,                                                  
                 16      $ 120,122,123,124,125,126,127,128,133,                                                  
                 17      $ 134,136,137,140,141,142,143,144,147,                                                  
                 18      $ 148,149,151,155,156,159,160,161,162,                                                  
                 19      $ 163,164,166,167,170,171,172,173,174,                                                  
                 20      $ 175,176,177,180,182,184,186,189,191,                                                  
                 21      $ 192,194,195,196,197,198,199,200,201,                                                  
                 22      $ 202,203,204,205,206,208,211,212,216,                                                  
                 23      $ 220,221,222,223,224,226,227,228,230,                                                  
                 24      $ 231,232,235,236,240,241,243,246,247,                                                  
                 25      $ 252,255,256,257,258,259,261,262,263,                                                  
                 26      $ 264,267,268,269,270,271,273,276,278,                                                  
                 27      $ 279,281                                                                               
                 28                                                                                              
                 29      $ SET 2 = 282,283,284,285,286,290,291,292,293,                                          
                 30      $ 294,295,296,297,298,299,300,301,302,                                                  
                 31      $ 304,305,306,307,308,309,310,311,312,                                                  
                 32      $ 314,315,316,317,318,319,320,321                                                       
                 33                                                                                              
                 34      $ SET 3 = 322,323,325,326,327,328,329,330,331,                                          
                 35      $ 332,333,334,335,337,338,339,340,341,                                                  
                 36      $ 342,343                                                                               
                 37                                                                                              
                 38      $ SET 4 = 344,345,346,347,348,349,350,351,352                                           
                 39                                                                                              
                 40      $ SET 5 = 353,354,355                                                                   
                 41                                                                                              
                 42      $ SET 6 = 356,357,358,359                                                               
                 43                                                                                              
                 44      $ SET 7 = 2,7,9,16,17,19,20,25,28,                                                      
                 45      $ 32,33,34,35,36,43,44,47,48,                                                           
                 46      $ 50,53,66,77,79,86,91,93,95,                                                           
                 47      $ 99,100,101,103,104,105,106,108,110,                                                   
                 48      $ 116,118,121,129,130,131,132,135,138,                                                  
                 49      $ 139,145,146,150,152,153,154,157,158,                                                  
                 50      $ 165,168,169,178,179,181,183,185,187,                                                  
1   PATRAN NIFIMP BDF READER - TITLE                                           JULY  26, 2019  MSC Nastran  3/12/18   PAGE     4
                                                                                                                                    
0                                                                                                                                   
0                                        C A S E    C O N T R O L    E C H O                                                        
                 COMMAND                                                                                                            
                 COUNT                                                                                                              
                 51      $ 188,190,193,207,209,210,213,214,215,                                                  
                 52      $ 217,218,219,225,229,233,234,237,238,                                                  
                 53      $ 239,242,244,245,248,249,250,251,253,                                                  
                 54      $ 254,260,265,266,272,274,275,277,280,                                                  
                 55      $ 287,288,289,303,313,324,336                                                           
                 56                                                                                              
                 57      $ SET 8 = 360,361,362,363,364,365,366,367,368,                                          
                 58      $ 369,370,371,372,373,374,375,376,377,                                                  
                 59      $ 378,379,380,381,382,383,384,385,386,                                                  
                 60      $ 387,388,389,390,391,392,393,394,395,                                                  
                 61      $ 396,397,398,399,400,401,402,403,404,                                                  
                 62      $ 405,406,407,408,409,410,411,412,413,                                                  
                 63      $ 414,415,416,417,418,419,420,421,422,                                                  
                 64      $ 423,424,425,426,427,428,429,430,431,                                                  
                 65      $ 432,433,434,435,436,437,438,439,440,                                                  
                 66      $ 441,442,443,444,445,446,447,448,449,                                                  
                 67      $ 450,451,452,453,454,455,456,457,458,                                                  
                 68      $ 459,460,461,462,463,464,465,466,467,                                                  
                 69      $ 468,469,470,471,472,473,474,475,476,                                                  
                 70      $ 477,478,479,480,481,482,483,484,485,                                                  
                 71      $ 486,487,488,489,490,491,492,493,494,                                                  
                 72      $ 495                                                                                   
                 73                                                                                              
                 74      $ SET 9 = 496,497,498,499,500,501,502,503,504,                                          
                 75      $ 505,506,507,508,509,510,511,512,513,                                                  
                 76      $ 514,515,516,517,518,519                                                               
                 77                                                                                              
                 78      $ SET 10 = 520,521,522,523,524,525,526,527,528,                                         
                 79      $ 529,530,531,532,533,534,535,536,537,                                                  
                 80      $ 538                                                                                   
                 81                                                                                              
                 82      $ SET 11 = 539,540,541,542,543,544,545,546                                              
                 83                                                                                              
                 84      $ SET 12 = 547,548,549,550,551,552                                                      
                 85                                                                                              
                 86      $ SET 13 = 553,554,555,556,557,558                                                      
                 87                                                                                              
                 88      BEGIN BULK                                                                              
 *** USER WARNING MESSAGE 112 (SCA.MDSolver.Obj.InputFile:InputFile::read)
The include directory D:\MSC.Software\MSC_Nastran_and_Patran_Student_Editions\20181\Patran\mscnastran_files\20181\servermode\msc20181\\nast\\tpl\include is not readable.
 *** USER WARNING MESSAGE 112 (SCA.MDSolver.Obj.InputFile:InputFile::read)
The include directory D:\MSC.Software\MSC_Nastran_and_Patran_Student_Editions\20181\Patran\mscnastran_files\20181\servermode\msc20181\\nast\\tpl\include is not readable.
1   PATRAN NIFIMP BDF READER - TITLE                                           JULY  26, 2019  MSC Nastran  3/12/18   PAGE     5
                                                                                                                                    
0                                                                                                                                   
                                              I N P U T   B U L K   D A T A   E C H O                                               
                 ENTRY                                                                                                              
                 COUNT        .   1  ..   2  ..   3  ..   4  ..   5  ..   6  ..   7  ..   8  ..   9  ..  10  .                      
 *** USER INFORMATION MESSAGE 9991 (SDLWIF)
     Messages are being generated at include level 0.
     File: c:/users/czarified/desktop/openvsp-3.17.1-win32/canards_struct0_nastran_223014104.bdf
 *** USER FATAL MESSAGE 9994 (BULFUN)
     CTRIA6 with EID=531 near line 1279
     User information:  Identification 104 was repeated at locations G1 and G1.
 *** USER FATAL MESSAGE 9994 (BULFUN)
     CTRIA6 with EID=535 near line 1287
     User information:  Identification 104 was repeated at locations G1 and G1.
1   PATRAN NIFIMP BDF READER - TITLE                                           JULY  26, 2019  MSC Nastran  3/12/18   PAGE     6
                                                                                                                                    
0                                                                                                                                   
 *** USER FATAL MESSAGE 208 (SCA.MDSolver.Io.AccessAccess:AccessAccess::StreamToBinary)
     Fatal messages were encountered while converting the stream input file c:/users/czarified/desktop/openvsp-3.17.1-win32/canards_struct0_nastran_223014104.bdf.
 *** USER FATAL MESSAGE 102 (SCA.MDSolver.Obj.InputFile:InputFile::read)
Severe fatal Errors occured while reading the input file c:/users/czarified/desktop/openvsp-3.17.1-win32/canards_struct0_nastran_223014104.bdf.
Check the MDSolver.System.PrintListener output.
                                        M O D E L   S U M M A R Y          BULK = 0
                                   ENTRY NAME        NUMBER OF ENTRIES
                                   ----------        -----------------
                                       CTRIA6                      197
                                         GRID                      359
                                         MAT1                        4
                                         PBAR                        1
                                       PSHELL                       11

 *** USER WARNING MESSAGE 285 (DML)
     FATAL ERRORS WERE FOUND WHILE READING THIS BEGIN SECTION
      MODEL SUMMARY DOES NOT INCLUDE COUNT OF FATAL ENTITIES
 ^^^     
 ^^^ >>> IFP OPERATIONS COMPLETE <<< 
 ^^^     
 
 No PARAM values were set in the Control File.
 
1                                        * * * END OF JOB * * *
 
 
