********************************************************************************
*                           MASS PROPERTIES REPORT                             *
********************************************************************************
MSC.Patran 2018 
File: D:\Czarified\Documents\GitHub\CSLM\LD00.1\xx.db
Date: 07-Sep-19
Time: 18:11:05

Scalar Properties:
         Volume           Mass
      10.898557   88142.710938
Center of Gravity in Coordinate Frame:
   Comp.   Ref. Cartes.        Frame 0
       X      31.963219      31.963219
       Y       0.000003       0.000003
       Z       0.267151       0.267151
Principal Inertia Quantities:
   Pr. Inertias   Rad. of Gyr.
   19738668.000      14.964621
   19410626.000      14.839749
   2486164.5000       5.310944
Inertia Tensor in Coordinate Frame:
   Comp.   Ref. Cartes.        Frame 0
      XX   2501680.5000   2501680.5000
      YY   109467688.00   109467680.00
      ZZ   109780208.00   109780208.00
      XY     -11.554673     -11.554672
      YZ       0.669851       0.669851
      ZX   -1151492.500   -1151492.500
Inertia Tensor at CG in Coordinate Frame:
   Comp.   Ref. Cartes.        Frame 0
      XX   2495389.7500   2495389.7500
      YY   19410626.000   19410626.000
      ZZ   19729442.000   19729442.000
      XY      -3.119096      -3.119096
      YZ       0.740356       0.740356
      ZX   -398840.9062   -398840.9062
Principal Directions in Reference Cartesian Frame:
       Vector 1       Vector 2       Vector 3
       0.023124      -0.000000       0.999733
      -0.000002       1.000000       0.000000
      -0.999733      -0.000002       0.023124
Principal Directions in Frame 0:
       Vector 1       Vector 2       Vector 3
       0.023124      -0.000000       0.999733
      -0.000002       1.000000       0.000000
      -0.999733      -0.000002       0.023124
Space-Fixed and Body-Fixed Rotation Angles in Reference Cartesian Frame
    Space 3-2-1     Body 3-1-3
       0.000312      90.000008
      88.674995      88.674973
      -0.000454     -90.000145
Space-Fixed and Body-Fixed Rotation Angles in Coordinate Frame 0:
    Space 3-2-1     Body 3-1-3
       0.000312      90.000008
      88.674995      88.674973
      -0.000454     -90.000145

Mass Properties Entity List:
Element 15000:15327 16000:16327 21000:22169 31000:31195 41000:41287 60000:61119 
61122
The number of included entities is 3431.

The Mass Properties entity rejection list is empty.
