 *** BEGIN MESSAGE ECHO (NIFIMP) 

 *** USER FATAL MESSAGE 307 (NIFIMP) at LINE 23 
     ILLEGAL NAME FOR BULK DATA ENTRY 
 *** USER FATAL MESSAGE 307 (NIFIMP) at LINE 25 
     ILLEGAL NAME FOR BULK DATA ENTRY 
 *** USER FATAL MESSAGE 307 (NIFIMP) at LINE 28 
     ILLEGAL NAME FOR BULK DATA ENTRY 
 *** USER FATAL MESSAGE 307 (NIFIMP) at LINE 31 
     ILLEGAL NAME FOR BULK DATA ENTRY 
 *** USER FATAL MESSAGE 307 (NIFIMP) at LINE 34 
     ILLEGAL NAME FOR BULK DATA ENTRY 

 *** END MESSAGE ECHO (NIFIMP) 

Beginning Analysis

 *** START OF CONTROL FILE ECHO ***
 $ sysfield=SCR*(RAW=YES,BUFFIO=YES,wnum=16,wsize=16mb) $(d:/msc.software/msc_nastran_and_patran_student_editions/20181/patran/mscnastran_files/20181/servermode/conf/nast20181.rcf[2])
 $ sysfield=DBALL(RAW=YES,BUFFIO=YES,wnum=16,wsize=16mb) $(d:/msc.software/msc_nastran_and_patran_student_editions/20181/patran/mscnastran_files/20181/servermode/conf/nast20181.rcf[3])
 $sdir=C:\SCRATCH $(d:/msc.software/msc_nastran_and_patran_student_editions/20181/patran/mscnastran_files/20181/servermode/conf/nast20181.rcf[8])
 Nastran SYSTEM(444)=6 $([5])
 JID='d:/czarified/documents/github/cslm/ld00.2/modes_222214852.bdf'
 OUT='./modes_222214852'
 MEM=740MB      $
 MACH='Intel'
 OPER='Windows 10 Home'
 OSV='6.2 9200'
 MODEL='Xeon/3533 (Jarvis)'
 CONFIG=6
 NPROC=4
 symbol=DELDIR='d:/msc.software/msc_nastran_and_patran_student_editions/20181/patran/mscnastran_files/20181/servermode/msc20181/nast/del' $(program default)
 symbol=DEMODIR='d:/msc.software/msc_nastran_and_patran_student_editions/20181/patran/mscnastran_files/20181/servermode/msc20181/nast/demo' $(program default)
 symbol=MKL_INTERFACE_LAYER=ILP64 $(d:/msc.software/msc_nastran_and_patran_student_editions/20181/patran/mscnastran_files/20181/servermode/conf/nast20181.rcf[1])
 symbol=SSSALTERDIR='d:/msc.software/msc_nastran_and_patran_student_editions/20181/patran/mscnastran_files/20181/servermode/msc20181/nast/sssalter' $(program default)
 symbol=TPLDIR='d:/msc.software/msc_nastran_and_patran_student_editions/20181/patran/mscnastran_files/20181/servermode/msc20181/nast/tpl' $(program default)
 symbol=VENDBLASLIB=MSCblas.dll $(command line[7])
 SDIR='c:/users/czarif~1/appdata/local/temp/modes_222214852.T16128_55'
 DBS='./modes_222214852'
 SCR='no'
 SMEM=100
 BPOOL=150
 NEWDEL='d:/msc.software/msc_nastran_and_patran_student_editions/20181/patran/mscnastran_files/20181/servermode/msc20181/win64i4/SSS'
 DEL='MSCDEF'
 AUTH='EDU'
 AUTHQUE=20
 MSGCAT='d:/msc.software/msc_nastran_and_patran_student_editions/20181/patran/mscnastran_files/20181/servermode/msc20181/win64i4/analysis.msg'
 MSGDEST='f06'
 *** END OF CONTROL FILE ECHO ***

1
 
 
 
 
                      Warning: This computer program is protected by copyright law and international treaties.       
                  Unauthorized use, reproduction or distribution of this computer program, or any portion of it, may 
                                          result in severe civil and criminal penalties.                             
                         Copyright (C) 2017 MSC Software Corporation and its licensors. All rights reserved.         
 
 
                                              * * * * * * * * * * * * * * * * * * * *
                                              * * * * * * * * * * * * * * * * * * * *
                                              * *                                 * *
                                              * *           MSC Software          * *
                                              * *               CORP              * *
                                              * *                                 * *
                                              * *      M S C   N a s t r a n      * *
                                              * *                                 * *
                                              * *                                 * *
                                              * *                                 * *
                                              * *     Version 2018.1.0-CL553137   * *
                                              * *                                 * *
                                              * *                                 * *
                                              * *                                 * *
                                              * *          MAR 12, 2018           * *
                                              * *                                 * *
                                              * *              Intel              * *
                                              * *    MODEL Xeon/3533 (Jarvis)     * *
                                              * *    Windows 10 Home 6.2 9200     * *
                                              * *        Compiled for 8664        * *
                                              * *                                 * *
                                              * * * * * * * * * * * * * * * * * * * *
                                              * * * * * * * * * * * * * * * * * * * *
1                                                                           OCTOBER  12, 2019  MSC Nastran  3/12/18   PAGE     1
                                                                                                                                    
0        N A S T R A N    F I L E    A N D    S Y S T E M    P A R A M E T E R    E C H O                                           
0                                                                                                                                   
                                                                                                                                    
                                                                                                                                    
     $ SYSFIELD=SCR*(RAW=YES,BUFFIO=YES,WNUM=16,WSIZE=16MB) $(D:/MSC.SOFTWARE/MSC_NAS
     $ SYSFIELD=DBALL(RAW=YES,BUFFIO=YES,WNUM=16,WSIZE=16MB) $(D:/MSC.SOFTWARE/MSC_NA
     $SDIR=C:\SCRATCH $(D:/MSC.SOFTWARE/MSC_NASTRAN_AND_PATRAN_STUDENT_EDITIONS/20181
     NASTRAN SYSTEM(444)=6 $([5])                                                    
     $                                                                               
     $ ORIGINAL INPUT FILE: D:\CZARIFIED\DOCUMENTS\GITHUB\CSLM\LD00.2\MODES.EXEC     
     $                                                                               
     NASTRAN  SYSTEM(316)=5 SYSTEM(357)=0 SYSTEM(732)=1                              
     INIT MASTER, LOGICAL=(MASTER(300000))                                           
1                                                                           OCTOBER  12, 2019  MSC Nastran  3/12/18   PAGE     2
                                                                                                                                    
0        N A S T R A N    E X E C U T I V E    C O N T R O L    E C H O                                                             
0                                                                                                                                   
                                                                                                                                    
                                                                                                                                    
     SOL NIFIMP3                                                                             
     COMPILE NIFIMP3 NOLIST                                                                  
     (SEE NASTRAN SOURCE PROGRAM COMPILATION FOR LISTING OF DMAP SEQUENCE)
     END $ NIFIMP                                                                            
     ALTER 'IFP1 .*/ICASECC.*' (1), 'IFP1 .*/ICASECC.*' (1) $                                
     IFP1     /ICASECC,IPCDB,IXYCDB,IPOSTCDB,IFORCE,,,                                       
              /S,N,NOGOIFP1/// $                                                             
     CEND                                                                                    
1    NORMAL MODES TEST                                                      OCTOBER  12, 2019  MSC Nastran  3/12/18   PAGE     3
                                                                                                                                    
0                                                                                                                                   
0                                        C A S E    C O N T R O L    E C H O                                                        
                 COMMAND                                                                                                            
                 COUNT                                                                                                              
                  1      $ DIRECT TEXT INPUT FOR GLOBAL CASE CONTROL DATA                                        
                  2      TITLE = NORMAL MODES TEST                                                               
                  3      ECHO = NONE                                                                             
                  4      SUBCASE 1                                                                               
                  5         SUBTITLE=USING LANCZOS                                                               
                  6         METHOD = 1                                                                           
                  7         SPC = 2                                                                              
                  8         VECTOR = ALL                                                                         
                  9         DISPLACEMENT(PLOT)=ALL                                                               
 *** USER WARNING MESSAGE 602 (IFP1D)
     TWO OR MORE OF THE ABOVE CARD TYPES DETECTED WHERE ONLY ONE IS
     LEGAL.   THE LAST FOUND WILL BE USED.
                 10         SPCFORCES(PLOT)=ALL                                                                  
                 11         STRESS(PLOT)=ALL                                                                     
                 12      BEGIN BULK                                                                              
 *** USER WARNING MESSAGE 112 (SCA.MDSolver.Obj.InputFile:InputFile::read)
The include directory D:\MSC.Software\MSC_Nastran_and_Patran_Student_Editions\20181\Patran\mscnastran_files\20181\servermode\msc20181\\nast\\tpl\include is not readable.
 *** USER WARNING MESSAGE 112 (SCA.MDSolver.Obj.InputFile:InputFile::read)
The include directory D:\MSC.Software\MSC_Nastran_and_Patran_Student_Editions\20181\Patran\mscnastran_files\20181\servermode\msc20181\\nast\\tpl\include is not readable.
1    NORMAL MODES TEST                                                      OCTOBER  12, 2019  MSC Nastran  3/12/18   PAGE     4
                                                                                                                                    
0                                                                                                                                   
                                              I N P U T   B U L K   D A T A   E C H O                                               
                 ENTRY                                                                                                              
                 COUNT        .   1  ..   2  ..   3  ..   4  ..   5  ..   6  ..   7  ..   8  ..   9  ..  10  .                      
                              $INCLUDE "../mat/LD0.1.m"
                              $END OF INCLUDE "../mat/LD0.1.m"
                              $INCLUDE "d:\Czarified\Documents\GitHub\CSLM\LD00.3\fem.bdf"
 *** USER INFORMATION MESSAGE 9991 (SDLWIF)
     Messages are being generated at include level 1.
     File: d:\Czarified\Documents\GitHub\CSLM\LD00.3\fem.bdf
 *** USER WARNING MESSAGE 9994 (BULFUN)
     MAT1 with MID=301 near line 18
     User information:  Material has unreasonable or inconsistent values of E, G or NU.
                              $END OF INCLUDE "d:\Czarified\Documents\GitHub\CSLM\LD00.3\fem.bdf"
                              $INCLUDE "d:\Czarified\Documents\GitHub\CSLM\LD00.3\loads.dat"
                              $INCLUDE "d:\Czarified\Documents\GitHub\CSLM\LD00.3\p.1gX.dat"
                              $END OF INCLUDE "d:\Czarified\Documents\GitHub\CSLM\LD00.3\p.1gX.dat"
                              $END OF INCLUDE "d:\Czarified\Documents\GitHub\CSLM\LD00.3\p.1gX.dat"
1    NORMAL MODES TEST                                                      OCTOBER  12, 2019  MSC Nastran  3/12/18   PAGE     5
                                                                                                                                    
0                                                                                                                                   
                                        M O D E L   S U M M A R Y          BULK = 0
                                   ENTRY NAME        NUMBER OF ENTRIES
                                   ----------        -----------------
                                       ACCEL1                     3366
                                        CONM2                        1
                                       CQUAD4                     3363
                                       CTRIA3                       67
                                        EIGRL                        1
                                         GRID                     3682
                                         LOAD                        1
                                         MAT1                        1
                                       MDLPRM                        1
                                        PARAM                        3
                                       PLOAD4                       12
                                       PSHELL                       10
                                         RBE3                        1
                                         SPC1                        1
                                       SPCADD                        1

 ^^^     
 ^^^ >>> IFP OPERATIONS COMPLETE <<< 
 ^^^     
