========================================================================
  SGM To ParaSolid Translation (Version 3.4, Build Date : Jan 16 2018)
------------------------------------------------------------------------
Translation started at         : Sun Feb 10 13:46:12 2019
Exporting to ParaSolid xmt file: C:\Users\bcrews\Documents\GitHub\CSLM\LD00.0\lines
------------------------------------------------------------------------

	Exporting curve: 100
	Exporting curve: 101
	Exporting curve: 102
	Exporting curve: 103
	Exporting curve: 104
	Exporting curve: 105
	Exporting curve: 106
	Exporting curve: 107
	Exporting curve: 108
	Exporting curve: 109
	Exporting curve: 120
	Exporting curve: 123
	Exporting curve: 124
	Exporting curve: 125
	Exporting curve: 126
	Exporting curve: 127
	Exporting curve: 128
	Exporting curve: 129
	Exporting curve: 130
	Exporting curve: 131
	Exporting curve: 175
	Exporting curve: 176
	Exporting curve: 182
	Exporting curve: 183
	Exporting curve: 184
	Exporting curve: 185
	Exporting curve: 193
	Exporting curve: 201
	Exporting curve: 181
	Exporting curve: 203
	Exporting curve: 194
	Exporting curve: 192
------------------------------------------------------------------------
		 Total Curves  : 32
		 Successful    : 32
		 Failed        : 0
------------------------------------------------------------------------
------------------------------------------------------------------------
Translation ended at      : Sun Feb 10 13:46:12 2019

========================================================================
